2023-10-25 08:02:10,855 [Worker-4: Loading available Gradle versions] INFO  o.e.b.c.i.u.g.PublishedGradleVersions - Gradle version information cache is up-to-date. Trying to read.
2023-10-25 08:34:46,095 [Worker-7: Loading available Gradle versions] INFO  o.e.b.c.i.u.g.PublishedGradleVersions - Gradle version information cache is up-to-date. Trying to read.
2023-10-25 08:36:20,757 [Worker-3: Launching mavenrun-8dd4de25-b784-42e5-b473-81f089252890] INFO  o.eclipse.m2e.core.internal.Bundles - getClasspathEntries(Bundle=org.eclipse.m2e.maven.runtime_3.9.400.20230826-0755 [621])
2023-10-25 08:36:20,767 [Worker-3: Launching mavenrun-8dd4de25-b784-42e5-b473-81f089252890] INFO  o.eclipse.m2e.core.internal.Bundles - 	Entry: C:\Users\Neral\.p2\pool\plugins\org.eclipse.m2e.maven.runtime_3.9.400.20230826-0755
2023-10-25 08:36:20,768 [Worker-3: Launching mavenrun-8dd4de25-b784-42e5-b473-81f089252890] INFO  o.eclipse.m2e.core.internal.Bundles - 	Entry: C:\Users\neral\.p2\pool\plugins\org.eclipse.m2e.maven.runtime_3.9.400.20230826-0755\jars\aether-connector-okhttp-0.17.8.jar
2023-10-25 08:36:20,768 [Worker-3: Launching mavenrun-8dd4de25-b784-42e5-b473-81f089252890] INFO  o.eclipse.m2e.core.internal.Bundles - 	Entry: C:\Users\neral\.p2\pool\plugins\org.eclipse.m2e.maven.runtime_3.9.400.20230826-0755\jars\aopalliance-1.0.jar
2023-10-25 08:36:20,768 [Worker-3: Launching mavenrun-8dd4de25-b784-42e5-b473-81f089252890] INFO  o.eclipse.m2e.core.internal.Bundles - 	Entry: C:\Users\neral\.p2\pool\plugins\org.eclipse.m2e.maven.runtime_3.9.400.20230826-0755\jars\commons-lang3-3.12.0.jar
2023-10-25 08:36:20,769 [Worker-3: Launching mavenrun-8dd4de25-b784-42e5-b473-81f089252890] INFO  o.eclipse.m2e.core.internal.Bundles - 	Entry: C:\Users\neral\.p2\pool\plugins\org.eclipse.m2e.maven.runtime_3.9.400.20230826-0755\jars\guice-5.1.0.jar
2023-10-25 08:36:20,769 [Worker-3: Launching mavenrun-8dd4de25-b784-42e5-b473-81f089252890] INFO  o.eclipse.m2e.core.internal.Bundles - 	Entry: C:\Users\neral\.p2\pool\plugins\org.eclipse.m2e.maven.runtime_3.9.400.20230826-0755\jars\jansi-2.4.0.jar
2023-10-25 08:36:20,769 [Worker-3: Launching mavenrun-8dd4de25-b784-42e5-b473-81f089252890] INFO  o.eclipse.m2e.core.internal.Bundles - 	Entry: C:\Users\neral\.p2\pool\plugins\org.eclipse.m2e.maven.runtime_3.9.400.20230826-0755\jars\maven-artifact-3.9.4.jar
2023-10-25 08:36:20,769 [Worker-3: Launching mavenrun-8dd4de25-b784-42e5-b473-81f089252890] INFO  o.eclipse.m2e.core.internal.Bundles - 	Entry: C:\Users\neral\.p2\pool\plugins\org.eclipse.m2e.maven.runtime_3.9.400.20230826-0755\jars\maven-builder-support-3.9.4.jar
2023-10-25 08:36:20,769 [Worker-3: Launching mavenrun-8dd4de25-b784-42e5-b473-81f089252890] INFO  o.eclipse.m2e.core.internal.Bundles - 	Entry: C:\Users\neral\.p2\pool\plugins\org.eclipse.m2e.maven.runtime_3.9.400.20230826-0755\jars\maven-compat-3.9.4.jar
2023-10-25 08:36:20,769 [Worker-3: Launching mavenrun-8dd4de25-b784-42e5-b473-81f089252890] INFO  o.eclipse.m2e.core.internal.Bundles - 	Entry: C:\Users\neral\.p2\pool\plugins\org.eclipse.m2e.maven.runtime_3.9.400.20230826-0755\jars\maven-core-3.9.4.jar
2023-10-25 08:36:20,770 [Worker-3: Launching mavenrun-8dd4de25-b784-42e5-b473-81f089252890] INFO  o.eclipse.m2e.core.internal.Bundles - 	Entry: C:\Users\neral\.p2\pool\plugins\org.eclipse.m2e.maven.runtime_3.9.400.20230826-0755\jars\maven-embedder-3.9.4.jar
2023-10-25 08:36:20,770 [Worker-3: Launching mavenrun-8dd4de25-b784-42e5-b473-81f089252890] INFO  o.eclipse.m2e.core.internal.Bundles - 	Entry: C:\Users\neral\.p2\pool\plugins\org.eclipse.m2e.maven.runtime_3.9.400.20230826-0755\jars\maven-model-3.9.4.jar
2023-10-25 08:36:20,770 [Worker-3: Launching mavenrun-8dd4de25-b784-42e5-b473-81f089252890] INFO  o.eclipse.m2e.core.internal.Bundles - 	Entry: C:\Users\neral\.p2\pool\plugins\org.eclipse.m2e.maven.runtime_3.9.400.20230826-0755\jars\maven-model-builder-3.9.4.jar
2023-10-25 08:36:20,770 [Worker-3: Launching mavenrun-8dd4de25-b784-42e5-b473-81f089252890] INFO  o.eclipse.m2e.core.internal.Bundles - 	Entry: C:\Users\neral\.p2\pool\plugins\org.eclipse.m2e.maven.runtime_3.9.400.20230826-0755\jars\maven-plugin-api-3.9.4.jar
2023-10-25 08:36:20,770 [Worker-3: Launching mavenrun-8dd4de25-b784-42e5-b473-81f089252890] INFO  o.eclipse.m2e.core.internal.Bundles - 	Entry: C:\Users\neral\.p2\pool\plugins\org.eclipse.m2e.maven.runtime_3.9.400.20230826-0755\jars\maven-repository-metadata-3.9.4.jar
2023-10-25 08:36:20,770 [Worker-3: Launching mavenrun-8dd4de25-b784-42e5-b473-81f089252890] INFO  o.eclipse.m2e.core.internal.Bundles - 	Entry: C:\Users\neral\.p2\pool\plugins\org.eclipse.m2e.maven.runtime_3.9.400.20230826-0755\jars\maven-resolver-api-1.9.14.jar
2023-10-25 08:36:20,771 [Worker-3: Launching mavenrun-8dd4de25-b784-42e5-b473-81f089252890] INFO  o.eclipse.m2e.core.internal.Bundles - 	Entry: C:\Users\neral\.p2\pool\plugins\org.eclipse.m2e.maven.runtime_3.9.400.20230826-0755\jars\maven-resolver-connector-basic-1.9.14.jar
2023-10-25 08:36:20,771 [Worker-3: Launching mavenrun-8dd4de25-b784-42e5-b473-81f089252890] INFO  o.eclipse.m2e.core.internal.Bundles - 	Entry: C:\Users\neral\.p2\pool\plugins\org.eclipse.m2e.maven.runtime_3.9.400.20230826-0755\jars\maven-resolver-impl-1.9.14.jar
2023-10-25 08:36:20,771 [Worker-3: Launching mavenrun-8dd4de25-b784-42e5-b473-81f089252890] INFO  o.eclipse.m2e.core.internal.Bundles - 	Entry: C:\Users\neral\.p2\pool\plugins\org.eclipse.m2e.maven.runtime_3.9.400.20230826-0755\jars\maven-resolver-named-locks-1.9.14.jar
2023-10-25 08:36:20,771 [Worker-3: Launching mavenrun-8dd4de25-b784-42e5-b473-81f089252890] INFO  o.eclipse.m2e.core.internal.Bundles - 	Entry: C:\Users\neral\.p2\pool\plugins\org.eclipse.m2e.maven.runtime_3.9.400.20230826-0755\jars\maven-resolver-provider-3.9.4.jar
2023-10-25 08:36:20,771 [Worker-3: Launching mavenrun-8dd4de25-b784-42e5-b473-81f089252890] INFO  o.eclipse.m2e.core.internal.Bundles - 	Entry: C:\Users\neral\.p2\pool\plugins\org.eclipse.m2e.maven.runtime_3.9.400.20230826-0755\jars\maven-resolver-spi-1.9.14.jar
2023-10-25 08:36:20,772 [Worker-3: Launching mavenrun-8dd4de25-b784-42e5-b473-81f089252890] INFO  o.eclipse.m2e.core.internal.Bundles - 	Entry: C:\Users\neral\.p2\pool\plugins\org.eclipse.m2e.maven.runtime_3.9.400.20230826-0755\jars\maven-resolver-transport-wagon-1.9.14.jar
2023-10-25 08:36:20,772 [Worker-3: Launching mavenrun-8dd4de25-b784-42e5-b473-81f089252890] INFO  o.eclipse.m2e.core.internal.Bundles - 	Entry: C:\Users\neral\.p2\pool\plugins\org.eclipse.m2e.maven.runtime_3.9.400.20230826-0755\jars\maven-resolver-util-1.9.14.jar
2023-10-25 08:36:20,772 [Worker-3: Launching mavenrun-8dd4de25-b784-42e5-b473-81f089252890] INFO  o.eclipse.m2e.core.internal.Bundles - 	Entry: C:\Users\neral\.p2\pool\plugins\org.eclipse.m2e.maven.runtime_3.9.400.20230826-0755\jars\maven-settings-3.9.4.jar
2023-10-25 08:36:20,772 [Worker-3: Launching mavenrun-8dd4de25-b784-42e5-b473-81f089252890] INFO  o.eclipse.m2e.core.internal.Bundles - 	Entry: C:\Users\neral\.p2\pool\plugins\org.eclipse.m2e.maven.runtime_3.9.400.20230826-0755\jars\maven-settings-builder-3.9.4.jar
2023-10-25 08:36:20,773 [Worker-3: Launching mavenrun-8dd4de25-b784-42e5-b473-81f089252890] INFO  o.eclipse.m2e.core.internal.Bundles - 	Entry: C:\Users\neral\.p2\pool\plugins\org.eclipse.m2e.maven.runtime_3.9.400.20230826-0755\jars\maven-shared-utils-3.3.4.jar
2023-10-25 08:36:20,773 [Worker-3: Launching mavenrun-8dd4de25-b784-42e5-b473-81f089252890] INFO  o.eclipse.m2e.core.internal.Bundles - 	Entry: C:\Users\neral\.p2\pool\plugins\org.eclipse.m2e.maven.runtime_3.9.400.20230826-0755\jars\okhttp-3.14.1.jar
2023-10-25 08:36:20,773 [Worker-3: Launching mavenrun-8dd4de25-b784-42e5-b473-81f089252890] INFO  o.eclipse.m2e.core.internal.Bundles - 	Entry: C:\Users\neral\.p2\pool\plugins\org.eclipse.m2e.maven.runtime_3.9.400.20230826-0755\jars\okio-1.17.3.jar
2023-10-25 08:36:20,773 [Worker-3: Launching mavenrun-8dd4de25-b784-42e5-b473-81f089252890] INFO  o.eclipse.m2e.core.internal.Bundles - 	Entry: C:\Users\neral\.p2\pool\plugins\org.eclipse.m2e.maven.runtime_3.9.400.20230826-0755\jars\org.eclipse.sisu.inject-0.3.5.jar
2023-10-25 08:36:20,773 [Worker-3: Launching mavenrun-8dd4de25-b784-42e5-b473-81f089252890] INFO  o.eclipse.m2e.core.internal.Bundles - 	Entry: C:\Users\neral\.p2\pool\plugins\org.eclipse.m2e.maven.runtime_3.9.400.20230826-0755\jars\org.eclipse.sisu.plexus-0.3.5.jar
2023-10-25 08:36:20,774 [Worker-3: Launching mavenrun-8dd4de25-b784-42e5-b473-81f089252890] INFO  o.eclipse.m2e.core.internal.Bundles - 	Entry: C:\Users\neral\.p2\pool\plugins\org.eclipse.m2e.maven.runtime_3.9.400.20230826-0755\jars\plexus-build-api-0.0.7.jar
2023-10-25 08:36:20,774 [Worker-3: Launching mavenrun-8dd4de25-b784-42e5-b473-81f089252890] INFO  o.eclipse.m2e.core.internal.Bundles - 	Entry: C:\Users\neral\.p2\pool\plugins\org.eclipse.m2e.maven.runtime_3.9.400.20230826-0755\jars\plexus-cipher-2.0.jar
2023-10-25 08:36:20,774 [Worker-3: Launching mavenrun-8dd4de25-b784-42e5-b473-81f089252890] INFO  o.eclipse.m2e.core.internal.Bundles - 	Entry: C:\Users\neral\.p2\pool\plugins\org.eclipse.m2e.maven.runtime_3.9.400.20230826-0755\jars\plexus-classworlds-2.7.0.jar
2023-10-25 08:36:20,774 [Worker-3: Launching mavenrun-8dd4de25-b784-42e5-b473-81f089252890] INFO  o.eclipse.m2e.core.internal.Bundles - 	Entry: C:\Users\neral\.p2\pool\plugins\org.eclipse.m2e.maven.runtime_3.9.400.20230826-0755\jars\plexus-component-annotations-2.1.0.jar
2023-10-25 08:36:20,775 [Worker-3: Launching mavenrun-8dd4de25-b784-42e5-b473-81f089252890] INFO  o.eclipse.m2e.core.internal.Bundles - 	Entry: C:\Users\neral\.p2\pool\plugins\org.eclipse.m2e.maven.runtime_3.9.400.20230826-0755\jars\plexus-interpolation-1.26.jar
2023-10-25 08:36:20,775 [Worker-3: Launching mavenrun-8dd4de25-b784-42e5-b473-81f089252890] INFO  o.eclipse.m2e.core.internal.Bundles - 	Entry: C:\Users\neral\.p2\pool\plugins\org.eclipse.m2e.maven.runtime_3.9.400.20230826-0755\jars\plexus-sec-dispatcher-2.0.jar
2023-10-25 08:36:20,775 [Worker-3: Launching mavenrun-8dd4de25-b784-42e5-b473-81f089252890] INFO  o.eclipse.m2e.core.internal.Bundles - 	Entry: C:\Users\neral\.p2\pool\plugins\org.eclipse.m2e.maven.runtime_3.9.400.20230826-0755\jars\plexus-utils-3.5.1.jar
2023-10-25 08:36:20,776 [Worker-3: Launching mavenrun-8dd4de25-b784-42e5-b473-81f089252890] INFO  o.eclipse.m2e.core.internal.Bundles - 	Entry: C:\Users\neral\.p2\pool\plugins\org.eclipse.m2e.maven.runtime_3.9.400.20230826-0755\jars\wagon-file-3.5.3.jar
2023-10-25 08:36:20,776 [Worker-3: Launching mavenrun-8dd4de25-b784-42e5-b473-81f089252890] INFO  o.eclipse.m2e.core.internal.Bundles - 	Entry: C:\Users\neral\.p2\pool\plugins\org.eclipse.m2e.maven.runtime_3.9.400.20230826-0755\jars\wagon-provider-api-3.5.3.jar
2023-10-25 08:36:20,778 [Worker-3: Launching mavenrun-8dd4de25-b784-42e5-b473-81f089252890] INFO  o.eclipse.m2e.core.internal.Bundles - getClasspathEntries(Bundle=com.google.guava_32.1.2.jre [12])
2023-10-25 08:36:20,779 [Worker-3: Launching mavenrun-8dd4de25-b784-42e5-b473-81f089252890] INFO  o.eclipse.m2e.core.internal.Bundles - 	Entry: C:\Users\Neral\.p2\pool\plugins\com.google.guava_32.1.2.jre.jar
2023-10-25 08:36:20,779 [Worker-3: Launching mavenrun-8dd4de25-b784-42e5-b473-81f089252890] INFO  o.eclipse.m2e.core.internal.Bundles - getClasspathEntries(Bundle=slf4j.api_2.0.9 [982])
2023-10-25 08:36:20,779 [Worker-3: Launching mavenrun-8dd4de25-b784-42e5-b473-81f089252890] INFO  o.eclipse.m2e.core.internal.Bundles - 	Entry: C:\Users\Neral\.p2\pool\plugins\slf4j.api_2.0.9.jar
2023-10-25 08:36:20,779 [Worker-3: Launching mavenrun-8dd4de25-b784-42e5-b473-81f089252890] INFO  o.eclipse.m2e.core.internal.Bundles - getClasspathEntries(Bundle=javax.inject_1.0.0.v20220405-0441 [38])
2023-10-25 08:36:20,780 [Worker-3: Launching mavenrun-8dd4de25-b784-42e5-b473-81f089252890] INFO  o.eclipse.m2e.core.internal.Bundles - 	Entry: C:\Users\Neral\.p2\pool\plugins\javax.inject_1.0.0.v20220405-0441.jar
2023-10-25 08:36:20,780 [Worker-3: Launching mavenrun-8dd4de25-b784-42e5-b473-81f089252890] INFO  o.eclipse.m2e.core.internal.Bundles - getClasspathEntries(Bundle=javax.annotation_1.3.5.v20200909-1856 [36])
2023-10-25 08:36:20,780 [Worker-3: Launching mavenrun-8dd4de25-b784-42e5-b473-81f089252890] INFO  o.eclipse.m2e.core.internal.Bundles - 	Entry: C:\Users\Neral\.p2\pool\plugins\javax.annotation_1.3.5.v20200909-1856.jar
2023-10-25 08:36:20,780 [Worker-3: Launching mavenrun-8dd4de25-b784-42e5-b473-81f089252890] INFO  o.eclipse.m2e.core.internal.Bundles - getClasspathEntries(Bundle=org.apache.commons.cli_1.5.0 [73])
2023-10-25 08:36:20,781 [Worker-3: Launching mavenrun-8dd4de25-b784-42e5-b473-81f089252890] INFO  o.eclipse.m2e.core.internal.Bundles - 	Entry: C:\Users\Neral\.p2\pool\plugins\org.apache.commons.cli_1.5.0.jar
2023-10-25 08:36:20,781 [Worker-3: Launching mavenrun-8dd4de25-b784-42e5-b473-81f089252890] INFO  o.eclipse.m2e.core.internal.Bundles - getClasspathEntries(Bundle=com.google.guava.failureaccess_1.0.1 [14])
2023-10-25 08:36:20,781 [Worker-3: Launching mavenrun-8dd4de25-b784-42e5-b473-81f089252890] INFO  o.eclipse.m2e.core.internal.Bundles - 	Entry: C:\Users\Neral\.p2\pool\plugins\com.google.guava.failureaccess_1.0.1.jar
2023-10-25 08:36:20,790 [Worker-3: Launching mavenrun-8dd4de25-b784-42e5-b473-81f089252890] INFO  o.e.m.i.launch.MavenLaunchDelegate - Run build in "C:\Users\Neral\AppData\Local\Temp\m2e-archetypeGenerator14479367288516273404":
2023-10-25 08:36:20,796 [Worker-3: Launching mavenrun-8dd4de25-b784-42e5-b473-81f089252890] INFO  o.e.m.i.launch.MavenLaunchDelegate -  mvn  -DarchetypeGroupId=org.apache.maven.archetypes -DarchetypeArtifactId=maven-archetype-webapp -DarchetypeVersion=1.0 -DgroupId=com.suchiit -DartifactId=JspDemo -Dversion=0.0.1-SNAPSHOT -Dpackage=com.suchiit.JspDemo -DoutputDirectory=C:\Users\Neral\eclipse-workspace2\eclipse-workspace1 -Dstyle.color=always -U archetype:generate
2023-10-25 08:39:22,857 [Worker-19: Creating maven-archetype-webapp] INFO  o.e.m.c.i.p.ProjectConfigurationManager - Collecting project info '/pom.xml' C:\Users\Neral\eclipse-workspace2\eclipse-workspace1\JspDemo\pom.xml
2023-10-25 08:39:24,077 [Worker-19: Creating maven-archetype-webapp] INFO  o.e.m.c.i.l.LifecycleMappingFactory - Using org.maven.ide.eclipse.wtp.WarLifecycleMapping lifecycle mapping for MavenProject: com.suchiit:JspDemo:0.0.1-SNAPSHOT @ C:\Users\Neral\eclipse-workspace2\eclipse-workspace1\JspDemo\pom.xml.
2023-10-25 08:39:25,144 [Worker-19: Creating maven-archetype-webapp] INFO  o.e.a.i.i.DefaultArtifactResolver - Artifact gov.noaa.pmel:sgt:pom:3.0 is present in the local repository, but cached from a remote repository ID that is unavailable in current build context, verifying that is downloadable from [central (https://repo.maven.apache.org/maven2, default, releases), lib (file://${project.basedir}/lib, default, releases), releases (https://oss.sonatype.org/content/repositories/releases, default, releases+snapshots), sonatype-nexus-snapshots (https://oss.sonatype.org/content/repositories/snapshots, default, snapshots)]
2023-10-25 08:39:25,151 [Worker-19: Creating maven-archetype-webapp] INFO  o.e.a.i.i.DefaultArtifactResolver - Artifact gov.noaa.pmel:sgt:pom:3.0 is present in the local repository, but cached from a remote repository ID that is unavailable in current build context, verifying that is downloadable from [central (https://repo.maven.apache.org/maven2, default, releases), lib (file://${project.basedir}/lib, default, releases), releases (https://oss.sonatype.org/content/repositories/releases, default, releases+snapshots), sonatype-nexus-snapshots (https://oss.sonatype.org/content/repositories/snapshots, default, snapshots)]
2023-10-25 08:39:25,415 [Worker-19: Creating maven-archetype-webapp] INFO  o.e.m.c.i.e.AbstractTransferListenerAdapter - Downloaded https://repo.maven.apache.org/maven2/gov/noaa/pmel/sgt/3.0/sgt-3.0.pom
2023-10-25 08:39:25,441 [Worker-19: Creating maven-archetype-webapp] INFO  o.e.m.c.i.e.AbstractTransferListenerAdapter - Downloaded file://${project.basedir}/lib/gov/noaa/pmel/sgt/3.0/sgt-3.0.pom
2023-10-25 08:39:26,051 [Worker-19: Creating maven-archetype-webapp] INFO  o.e.m.c.i.e.AbstractTransferListenerAdapter - Downloaded https://oss.sonatype.org/content/repositories/releases/gov/noaa/pmel/sgt/3.0/sgt-3.0.pom
2023-10-25 08:39:26,059 [Worker-19: Creating maven-archetype-webapp] WARN  o.e.m.c.i.embedder.EclipseLogger - The POM for gov.noaa.pmel:sgt:jar:3.0 is missing, no dependency information available
2023-10-25 08:39:26,084 [Worker-19: Creating maven-archetype-webapp] INFO  o.e.a.i.i.DefaultArtifactResolver - Artifact org.monte:monte:pom:0.7.3 is present in the local repository, but cached from a remote repository ID that is unavailable in current build context, verifying that is downloadable from [central (https://repo.maven.apache.org/maven2, default, releases), lib (file://${project.basedir}/lib, default, releases), releases (https://oss.sonatype.org/content/repositories/releases, default, releases+snapshots), sonatype-nexus-snapshots (https://oss.sonatype.org/content/repositories/snapshots, default, snapshots)]
2023-10-25 08:39:26,096 [Worker-19: Creating maven-archetype-webapp] INFO  o.e.a.i.i.DefaultArtifactResolver - Artifact org.monte:monte:pom:0.7.3 is present in the local repository, but cached from a remote repository ID that is unavailable in current build context, verifying that is downloadable from [central (https://repo.maven.apache.org/maven2, default, releases), lib (file://${project.basedir}/lib, default, releases), releases (https://oss.sonatype.org/content/repositories/releases, default, releases+snapshots), sonatype-nexus-snapshots (https://oss.sonatype.org/content/repositories/snapshots, default, snapshots)]
2023-10-25 08:39:26,399 [Worker-19: Creating maven-archetype-webapp] INFO  o.e.m.c.i.e.AbstractTransferListenerAdapter - Downloaded https://repo.maven.apache.org/maven2/org/monte/monte/0.7.3/monte-0.7.3.pom
2023-10-25 08:39:26,409 [Worker-19: Creating maven-archetype-webapp] INFO  o.e.m.c.i.e.AbstractTransferListenerAdapter - Downloaded file://${project.basedir}/lib/org/monte/monte/0.7.3/monte-0.7.3.pom
2023-10-25 08:39:26,605 [Worker-19: Creating maven-archetype-webapp] INFO  o.e.m.c.i.e.AbstractTransferListenerAdapter - Downloaded https://oss.sonatype.org/content/repositories/releases/org/monte/monte/0.7.3/monte-0.7.3.pom
2023-10-25 08:39:26,610 [Worker-19: Creating maven-archetype-webapp] WARN  o.e.m.c.i.embedder.EclipseLogger - The POM for org.monte:monte:jar:0.7.3 is missing, no dependency information available
2023-10-25 08:39:27,182 [Worker-19: Creating maven-archetype-webapp] WARN  o.e.m.c.i.embedder.EclipseLogger - The POM for json:json-taglib:jar:0.4.1 is invalid, transitive dependencies (if any) will not be available, enable debug logging for more details
2023-10-25 08:39:27,270 [Worker-19: Creating maven-archetype-webapp] INFO  o.e.a.i.i.DefaultArtifactResolver - Artifact gov.noaa.pmel:sgt:jar:3.0 is present in the local repository, but cached from a remote repository ID that is unavailable in current build context, verifying that is downloadable from [central (https://repo.maven.apache.org/maven2, default, releases), lib (file://${project.basedir}/lib, default, releases), releases (https://oss.sonatype.org/content/repositories/releases, default, releases+snapshots), sonatype-nexus-snapshots (https://oss.sonatype.org/content/repositories/snapshots, default, snapshots)]
2023-10-25 08:39:27,277 [Worker-19: Creating maven-archetype-webapp] INFO  o.e.a.i.i.DefaultArtifactResolver - Artifact org.monte:monte:jar:0.7.3 is present in the local repository, but cached from a remote repository ID that is unavailable in current build context, verifying that is downloadable from [central (https://repo.maven.apache.org/maven2, default, releases), lib (file://${project.basedir}/lib, default, releases), releases (https://oss.sonatype.org/content/repositories/releases, default, releases+snapshots), sonatype-nexus-snapshots (https://oss.sonatype.org/content/repositories/snapshots, default, snapshots)]
2023-10-25 08:39:27,403 [Worker-19: Creating maven-archetype-webapp] INFO  o.e.a.i.i.DefaultArtifactResolver - Artifact gov.noaa.pmel:sgt:jar:3.0 is present in the local repository, but cached from a remote repository ID that is unavailable in current build context, verifying that is downloadable from [central (https://repo.maven.apache.org/maven2, default, releases), lib (file://${project.basedir}/lib, default, releases), releases (https://oss.sonatype.org/content/repositories/releases, default, releases+snapshots), sonatype-nexus-snapshots (https://oss.sonatype.org/content/repositories/snapshots, default, snapshots)]
2023-10-25 08:39:27,411 [Worker-19: Creating maven-archetype-webapp] INFO  o.e.a.i.i.DefaultArtifactResolver - Artifact org.monte:monte:jar:0.7.3 is present in the local repository, but cached from a remote repository ID that is unavailable in current build context, verifying that is downloadable from [central (https://repo.maven.apache.org/maven2, default, releases), lib (file://${project.basedir}/lib, default, releases), releases (https://oss.sonatype.org/content/repositories/releases, default, releases+snapshots), sonatype-nexus-snapshots (https://oss.sonatype.org/content/repositories/snapshots, default, snapshots)]
2023-10-25 08:39:27,729 [AetherRepositoryConnector-repo.maven.apache.org-0-1] INFO  o.e.m.c.i.e.AbstractTransferListenerAdapter - Downloaded https://repo.maven.apache.org/maven2/org/monte/monte/0.7.3/monte-0.7.3.jar
2023-10-25 08:39:27,731 [AetherRepositoryConnector-repo.maven.apache.org-0-0] INFO  o.e.m.c.i.e.AbstractTransferListenerAdapter - Downloaded https://repo.maven.apache.org/maven2/gov/noaa/pmel/sgt/3.0/sgt-3.0.jar
2023-10-25 08:39:27,750 [Worker-19: Creating maven-archetype-webapp] INFO  o.e.m.c.i.e.AbstractTransferListenerAdapter - Downloaded file://${project.basedir}/lib/gov/noaa/pmel/sgt/3.0/sgt-3.0.jar
2023-10-25 08:39:27,752 [BasicRepositoryConnector-${project.basedir}-1-0] INFO  o.e.m.c.i.e.AbstractTransferListenerAdapter - Downloaded file://${project.basedir}/lib/org/monte/monte/0.7.3/monte-0.7.3.jar
2023-10-25 08:39:27,941 [AetherRepositoryConnector-oss.sonatype.org-2-0] INFO  o.e.m.c.i.e.AbstractTransferListenerAdapter - Downloaded https://oss.sonatype.org/content/repositories/releases/gov/noaa/pmel/sgt/3.0/sgt-3.0.jar
2023-10-25 08:39:28,001 [AetherRepositoryConnector-oss.sonatype.org-2-1] INFO  o.e.m.c.i.e.AbstractTransferListenerAdapter - Downloaded https://oss.sonatype.org/content/repositories/releases/org/monte/monte/0.7.3/monte-0.7.3.jar
2023-10-25 08:39:28,472 [Worker-19: Creating maven-archetype-webapp] INFO  o.e.m.j.i.AbstractJavaProjectConfigurator - Adding source folder /JspDemo/src/main/java
2023-10-25 08:39:28,472 [Worker-19: Creating maven-archetype-webapp] INFO  o.e.m.j.i.AbstractJavaProjectConfigurator - Adding resource folder /JspDemo/src/main/resources
2023-10-25 08:39:28,473 [Worker-19: Creating maven-archetype-webapp] INFO  o.e.m.j.i.AbstractJavaProjectConfigurator - Adding source folder /JspDemo/src/test/java
2023-10-25 08:39:28,474 [Worker-19: Creating maven-archetype-webapp] INFO  o.e.m.j.i.AbstractJavaProjectConfigurator - Adding resource folder /JspDemo/src/test/resources
2023-10-25 08:39:30,570 [Worker-19: Creating maven-archetype-webapp] INFO  o.e.m.c.i.p.ProjectConfigurationManager - Imported and configured 1 project(s) in 7 sec
2023-10-25 08:39:31,136 [Worker-13: Updating Maven Project] INFO  o.e.m.c.i.p.ProjectConfigurationManager - Update started
2023-10-25 08:39:31,615 [Worker-13: Updating Maven Project] INFO  o.e.m.c.i.l.LifecycleMappingFactory - Using org.maven.ide.eclipse.wtp.WarLifecycleMapping lifecycle mapping for MavenProject: com.suchiit:JspDemo:0.0.1-SNAPSHOT @ C:\Users\Neral\eclipse-workspace2\eclipse-workspace1\JspDemo\pom.xml.
2023-10-25 08:39:32,610 [Worker-13: Updating Maven Project] INFO  o.e.m.j.i.AbstractJavaProjectConfigurator - Adding source folder /JspDemo/src/main/java
2023-10-25 08:39:32,610 [Worker-13: Updating Maven Project] INFO  o.e.m.j.i.AbstractJavaProjectConfigurator - Adding resource folder /JspDemo/src/main/resources
2023-10-25 08:39:32,611 [Worker-13: Updating Maven Project] INFO  o.e.m.j.i.AbstractJavaProjectConfigurator - Adding source folder /JspDemo/src/test/java
2023-10-25 08:39:32,611 [Worker-13: Updating Maven Project] INFO  o.e.m.j.i.AbstractJavaProjectConfigurator - Adding resource folder /JspDemo/src/test/resources
2023-10-25 08:39:33,783 [Worker-13: Updating Maven Project] INFO  o.e.m.w.i.f.ResourceFilteringBuildParticipant - Cleaning filtered folder for JspDemo
2023-10-25 08:39:33,799 [Worker-13: Updating Maven Project] INFO  o.e.m.c.i.p.ProjectConfigurationManager - Update completed for 1 poms: local refresh takes 0.00 sec, refresh facades takes 1.00 sec, update config takes 0.00 sec 
2023-10-25 08:39:34,130 [Worker-22: Building] WARN  o.a.m.s.f.DefaultMavenResourcesFiltering - Using platform encoding (UTF-8 actually) to copy filtered resources, i.e. build is platform dependent!
2023-10-25 08:39:34,153 [Worker-22: Building] INFO  o.a.m.s.f.DefaultMavenResourcesFiltering - Copying 0 resource from src\main\resources to target\classes
2023-10-25 08:39:34,161 [Worker-22: Building] WARN  o.a.m.s.f.DefaultMavenResourcesFiltering - Using platform encoding (UTF-8 actually) to copy filtered resources, i.e. build is platform dependent!
2023-10-25 08:39:34,163 [Worker-22: Building] INFO  o.a.m.s.f.DefaultMavenResourcesFiltering - skip non existing resourceDirectory C:\Users\Neral\eclipse-workspace2\eclipse-workspace1\JspDemo\src\test\resources
2023-10-25 08:39:34,163 [Worker-22: Building] INFO  o.e.m.w.i.f.ResourceFilteringBuildParticipant - Changed resources require a complete clean of filtered resources of JspDemo
2023-10-25 08:39:34,163 [Worker-22: Building] INFO  o.e.m.w.i.f.ResourceFilteringBuildParticipant - Executing resource filtering for JspDemo
2023-10-25 08:44:55,101 [Worker-3: Building] WARN  o.a.m.s.f.DefaultMavenResourcesFiltering - Using platform encoding (UTF-8 actually) to copy filtered resources, i.e. build is platform dependent!
2023-10-25 08:44:55,109 [Worker-3: Building] INFO  o.a.m.s.f.DefaultMavenResourcesFiltering - Copying 0 resource from src\main\resources to target\classes
2023-10-25 08:44:55,113 [Worker-3: Building] WARN  o.a.m.s.f.DefaultMavenResourcesFiltering - Using platform encoding (UTF-8 actually) to copy filtered resources, i.e. build is platform dependent!
2023-10-25 08:44:55,115 [Worker-3: Building] INFO  o.a.m.s.f.DefaultMavenResourcesFiltering - skip non existing resourceDirectory C:\Users\Neral\eclipse-workspace2\eclipse-workspace1\JspDemo\src\test\resources
2023-10-25 09:09:04,951 [Worker-34: Building] WARN  o.a.m.s.f.DefaultMavenResourcesFiltering - Using platform encoding (UTF-8 actually) to copy filtered resources, i.e. build is platform dependent!
2023-10-25 09:09:04,953 [Worker-34: Building] INFO  o.a.m.s.f.DefaultMavenResourcesFiltering - Copying 0 resource from src\main\resources to target\classes
2023-10-25 09:09:04,958 [Worker-34: Building] WARN  o.a.m.s.f.DefaultMavenResourcesFiltering - Using platform encoding (UTF-8 actually) to copy filtered resources, i.e. build is platform dependent!
2023-10-25 09:09:04,959 [Worker-34: Building] INFO  o.a.m.s.f.DefaultMavenResourcesFiltering - skip non existing resourceDirectory C:\Users\Neral\eclipse-workspace2\eclipse-workspace1\JspDemo\src\test\resources
2023-10-25 09:09:33,284 [Worker-24: Building] WARN  o.a.m.s.f.DefaultMavenResourcesFiltering - Using platform encoding (UTF-8 actually) to copy filtered resources, i.e. build is platform dependent!
2023-10-25 09:09:33,288 [Worker-24: Building] INFO  o.a.m.s.f.DefaultMavenResourcesFiltering - Copying 0 resource from src\main\resources to target\classes
2023-10-25 09:09:33,294 [Worker-24: Building] WARN  o.a.m.s.f.DefaultMavenResourcesFiltering - Using platform encoding (UTF-8 actually) to copy filtered resources, i.e. build is platform dependent!
2023-10-25 09:09:33,295 [Worker-24: Building] INFO  o.a.m.s.f.DefaultMavenResourcesFiltering - skip non existing resourceDirectory C:\Users\Neral\eclipse-workspace2\eclipse-workspace1\JspDemo\src\test\resources
2023-10-25 09:45:54,822 [Worker-38: Building] WARN  o.a.m.s.f.DefaultMavenResourcesFiltering - Using platform encoding (UTF-8 actually) to copy filtered resources, i.e. build is platform dependent!
2023-10-25 09:45:54,828 [Worker-38: Building] INFO  o.a.m.s.f.DefaultMavenResourcesFiltering - Copying 0 resource from src\main\resources to target\classes
2023-10-25 09:45:54,832 [Worker-38: Building] WARN  o.a.m.s.f.DefaultMavenResourcesFiltering - Using platform encoding (UTF-8 actually) to copy filtered resources, i.e. build is platform dependent!
2023-10-25 09:45:54,833 [Worker-38: Building] INFO  o.a.m.s.f.DefaultMavenResourcesFiltering - skip non existing resourceDirectory C:\Users\Neral\eclipse-workspace2\eclipse-workspace1\JspDemo\src\test\resources
2023-10-25 12:49:30,797 [Worker-6: Loading available Gradle versions] INFO  o.e.b.c.i.u.g.PublishedGradleVersions - Gradle version information cache is up-to-date. Trying to read.
2023-10-26 06:23:53,631 [Worker-2: Loading available Gradle versions] INFO  o.e.b.c.i.u.g.PublishedGradleVersions - Gradle version information cache is up-to-date. Trying to read.
2023-10-31 22:43:09,186 [Worker-3: Loading available Gradle versions] INFO  o.e.b.c.i.u.g.PublishedGradleVersions - Gradle version information cache is up-to-date. Trying to read.
2023-10-31 22:43:15,179 [Worker-13: Building] WARN  o.a.m.s.f.DefaultMavenResourcesFiltering - Using platform encoding (UTF-8 actually) to copy filtered resources, i.e. build is platform dependent!
2023-10-31 22:43:15,190 [Worker-13: Building] INFO  o.a.m.s.f.DefaultMavenResourcesFiltering - Copying 0 resource from src\main\resources to target\classes
2023-10-31 22:43:15,198 [Worker-13: Building] WARN  o.a.m.s.f.DefaultMavenResourcesFiltering - Using platform encoding (UTF-8 actually) to copy filtered resources, i.e. build is platform dependent!
2023-10-31 22:43:15,199 [Worker-13: Building] INFO  o.a.m.s.f.DefaultMavenResourcesFiltering - skip non existing resourceDirectory C:\Users\Neral\eclipse-workspace2\eclipse-workspace1\JspDemo\src\test\resources
2023-10-31 22:43:20,135 [Worker-13: Building] INFO  o.e.a.i.i.DefaultArtifactResolver - Artifact gov.noaa.pmel:sgt:pom:3.0 is present in the local repository, but cached from a remote repository ID that is unavailable in current build context, verifying that is downloadable from [central (https://repo.maven.apache.org/maven2, default, releases), lib (file://${project.basedir}/lib, default, releases), releases (https://oss.sonatype.org/content/repositories/releases, default, releases+snapshots), sonatype-nexus-snapshots (https://oss.sonatype.org/content/repositories/snapshots, default, snapshots)]
2023-10-31 22:43:20,164 [Worker-13: Building] INFO  o.e.a.i.i.DefaultArtifactResolver - Artifact gov.noaa.pmel:sgt:pom:3.0 is present in the local repository, but cached from a remote repository ID that is unavailable in current build context, verifying that is downloadable from [central (https://repo.maven.apache.org/maven2, default, releases), lib (file://${project.basedir}/lib, default, releases), releases (https://oss.sonatype.org/content/repositories/releases, default, releases+snapshots), sonatype-nexus-snapshots (https://oss.sonatype.org/content/repositories/snapshots, default, snapshots)]
2023-10-31 22:43:20,676 [Worker-13: Building] INFO  o.e.m.c.i.e.AbstractTransferListenerAdapter - Downloaded https://repo.maven.apache.org/maven2/gov/noaa/pmel/sgt/3.0/sgt-3.0.pom
2023-10-31 22:43:20,705 [Worker-13: Building] INFO  o.e.m.c.i.e.AbstractTransferListenerAdapter - Downloaded file://${project.basedir}/lib/gov/noaa/pmel/sgt/3.0/sgt-3.0.pom
2023-10-31 22:43:21,393 [Worker-13: Building] INFO  o.e.m.c.i.e.AbstractTransferListenerAdapter - Downloaded https://oss.sonatype.org/content/repositories/releases/gov/noaa/pmel/sgt/3.0/sgt-3.0.pom
2023-10-31 22:43:21,397 [Worker-13: Building] WARN  o.e.m.c.i.embedder.EclipseLogger - The POM for gov.noaa.pmel:sgt:jar:3.0 is missing, no dependency information available
2023-10-31 22:43:21,409 [Worker-13: Building] INFO  o.e.a.i.i.DefaultArtifactResolver - Artifact org.monte:monte:pom:0.7.3 is present in the local repository, but cached from a remote repository ID that is unavailable in current build context, verifying that is downloadable from [central (https://repo.maven.apache.org/maven2, default, releases), lib (file://${project.basedir}/lib, default, releases), releases (https://oss.sonatype.org/content/repositories/releases, default, releases+snapshots), sonatype-nexus-snapshots (https://oss.sonatype.org/content/repositories/snapshots, default, snapshots)]
2023-10-31 22:43:21,418 [Worker-13: Building] INFO  o.e.a.i.i.DefaultArtifactResolver - Artifact org.monte:monte:pom:0.7.3 is present in the local repository, but cached from a remote repository ID that is unavailable in current build context, verifying that is downloadable from [central (https://repo.maven.apache.org/maven2, default, releases), lib (file://${project.basedir}/lib, default, releases), releases (https://oss.sonatype.org/content/repositories/releases, default, releases+snapshots), sonatype-nexus-snapshots (https://oss.sonatype.org/content/repositories/snapshots, default, snapshots)]
2023-10-31 22:43:21,589 [Worker-13: Building] INFO  o.e.m.c.i.e.AbstractTransferListenerAdapter - Downloaded https://repo.maven.apache.org/maven2/org/monte/monte/0.7.3/monte-0.7.3.pom
2023-10-31 22:43:21,595 [Worker-13: Building] INFO  o.e.m.c.i.e.AbstractTransferListenerAdapter - Downloaded file://${project.basedir}/lib/org/monte/monte/0.7.3/monte-0.7.3.pom
2023-10-31 22:43:21,687 [Worker-13: Building] INFO  o.e.m.c.i.e.AbstractTransferListenerAdapter - Downloaded https://oss.sonatype.org/content/repositories/releases/org/monte/monte/0.7.3/monte-0.7.3.pom
2023-10-31 22:43:21,690 [Worker-13: Building] WARN  o.e.m.c.i.embedder.EclipseLogger - The POM for org.monte:monte:jar:0.7.3 is missing, no dependency information available
2023-10-31 22:43:22,471 [Worker-13: Building] WARN  o.e.m.c.i.embedder.EclipseLogger - The POM for json:json-taglib:jar:0.4.1 is invalid, transitive dependencies (if any) will not be available, enable debug logging for more details
2023-10-31 22:43:22,567 [Worker-13: Building] INFO  o.e.a.i.i.DefaultArtifactResolver - Artifact gov.noaa.pmel:sgt:jar:3.0 is present in the local repository, but cached from a remote repository ID that is unavailable in current build context, verifying that is downloadable from [central (https://repo.maven.apache.org/maven2, default, releases), lib (file://${project.basedir}/lib, default, releases), releases (https://oss.sonatype.org/content/repositories/releases, default, releases+snapshots), sonatype-nexus-snapshots (https://oss.sonatype.org/content/repositories/snapshots, default, snapshots)]
2023-10-31 22:43:22,577 [Worker-13: Building] INFO  o.e.a.i.i.DefaultArtifactResolver - Artifact org.monte:monte:jar:0.7.3 is present in the local repository, but cached from a remote repository ID that is unavailable in current build context, verifying that is downloadable from [central (https://repo.maven.apache.org/maven2, default, releases), lib (file://${project.basedir}/lib, default, releases), releases (https://oss.sonatype.org/content/repositories/releases, default, releases+snapshots), sonatype-nexus-snapshots (https://oss.sonatype.org/content/repositories/snapshots, default, snapshots)]
2023-10-31 22:43:22,732 [Worker-13: Building] INFO  o.e.a.i.i.DefaultArtifactResolver - Artifact gov.noaa.pmel:sgt:jar:3.0 is present in the local repository, but cached from a remote repository ID that is unavailable in current build context, verifying that is downloadable from [central (https://repo.maven.apache.org/maven2, default, releases), lib (file://${project.basedir}/lib, default, releases), releases (https://oss.sonatype.org/content/repositories/releases, default, releases+snapshots), sonatype-nexus-snapshots (https://oss.sonatype.org/content/repositories/snapshots, default, snapshots)]
2023-10-31 22:43:22,740 [Worker-13: Building] INFO  o.e.a.i.i.DefaultArtifactResolver - Artifact org.monte:monte:jar:0.7.3 is present in the local repository, but cached from a remote repository ID that is unavailable in current build context, verifying that is downloadable from [central (https://repo.maven.apache.org/maven2, default, releases), lib (file://${project.basedir}/lib, default, releases), releases (https://oss.sonatype.org/content/repositories/releases, default, releases+snapshots), sonatype-nexus-snapshots (https://oss.sonatype.org/content/repositories/snapshots, default, snapshots)]
2023-10-31 22:43:23,065 [AetherRepositoryConnector-repo.maven.apache.org-0-0] INFO  o.e.m.c.i.e.AbstractTransferListenerAdapter - Downloaded https://repo.maven.apache.org/maven2/gov/noaa/pmel/sgt/3.0/sgt-3.0.jar
2023-10-31 22:43:23,082 [AetherRepositoryConnector-repo.maven.apache.org-0-1] INFO  o.e.m.c.i.e.AbstractTransferListenerAdapter - Downloaded https://repo.maven.apache.org/maven2/org/monte/monte/0.7.3/monte-0.7.3.jar
2023-10-31 22:43:23,092 [Worker-13: Building] INFO  o.e.m.c.i.e.AbstractTransferListenerAdapter - Downloaded file://${project.basedir}/lib/gov/noaa/pmel/sgt/3.0/sgt-3.0.jar
2023-10-31 22:43:23,116 [BasicRepositoryConnector-${project.basedir}-1-0] INFO  o.e.m.c.i.e.AbstractTransferListenerAdapter - Downloaded file://${project.basedir}/lib/org/monte/monte/0.7.3/monte-0.7.3.jar
2023-10-31 22:43:23,248 [AetherRepositoryConnector-oss.sonatype.org-2-1] INFO  o.e.m.c.i.e.AbstractTransferListenerAdapter - Downloaded https://oss.sonatype.org/content/repositories/releases/org/monte/monte/0.7.3/monte-0.7.3.jar
2023-10-31 22:43:23,302 [AetherRepositoryConnector-oss.sonatype.org-2-0] INFO  o.e.m.c.i.e.AbstractTransferListenerAdapter - Downloaded https://oss.sonatype.org/content/repositories/releases/gov/noaa/pmel/sgt/3.0/sgt-3.0.jar
2023-10-31 22:43:24,141 [Worker-13: Building] WARN  Sisu - Error injecting: org.apache.maven.plugin.war.WarMojo
com.google.inject.ProvisionException: Unable to provision, see the following errors:

1) [Guice/ErrorInjectingConstructor]: ExceptionInInitializerError: Cannot access defaults field of Properties
  at WarMojo.<init>(WarMojo.java:49)
  while locating WarMojo

Learn more:
  https://github.com/google/guice/wiki/ERROR_INJECTING_CONSTRUCTOR

1 error

======================
Full classname legend:
======================
WarMojo:                     "org.apache.maven.plugin.war.WarMojo"
========================
End of classname legend:
========================

	at com.google.inject.internal.InternalProvisionException.toProvisionException(InternalProvisionException.java:251)
	at com.google.inject.internal.InjectorImpl$1.get(InjectorImpl.java:1104)
	at com.google.inject.internal.InjectorImpl.getInstance(InjectorImpl.java:1139)
	at org.eclipse.sisu.space.AbstractDeferredClass.get(AbstractDeferredClass.java:48)
	at com.google.inject.internal.ProviderInternalFactory.provision(ProviderInternalFactory.java:86)
	at com.google.inject.internal.InternalFactoryToInitializableAdapter.provision(InternalFactoryToInitializableAdapter.java:57)
	at com.google.inject.internal.ProviderInternalFactory$1.call(ProviderInternalFactory.java:67)
	at com.google.inject.internal.ProvisionListenerStackCallback$Provision.provision(ProvisionListenerStackCallback.java:109)
	at com.google.inject.internal.ProvisionListenerStackCallback$Provision.provision(ProvisionListenerStackCallback.java:124)
	at com.google.inject.internal.ProvisionListenerStackCallback.provision(ProvisionListenerStackCallback.java:66)
	at com.google.inject.internal.ProviderInternalFactory.circularGet(ProviderInternalFactory.java:62)
	at com.google.inject.internal.InternalFactoryToInitializableAdapter.get(InternalFactoryToInitializableAdapter.java:47)
	at com.google.inject.internal.InjectorImpl$1.get(InjectorImpl.java:1101)
	at org.eclipse.sisu.inject.Guice4$1.get(Guice4.java:162)
	at org.eclipse.sisu.inject.LazyBeanEntry.getValue(LazyBeanEntry.java:81)
	at org.eclipse.sisu.plexus.LazyPlexusBean.getValue(LazyPlexusBean.java:51)
	at org.codehaus.plexus.DefaultPlexusContainer.lookup(DefaultPlexusContainer.java:263)
	at org.codehaus.plexus.DefaultPlexusContainer.lookup(DefaultPlexusContainer.java:255)
	at org.apache.maven.plugin.internal.DefaultMavenPluginManager.getConfiguredMojo(DefaultMavenPluginManager.java:491)
	at org.eclipse.m2e.core.internal.embedder.MavenImpl.getConfiguredMojo(MavenImpl.java:210)
	at org.eclipse.m2e.mavenarchiver.internal.AbstractMavenArchiverConfigurator.reflectManifestGeneration(AbstractMavenArchiverConfigurator.java:439)
	at org.eclipse.m2e.mavenarchiver.internal.AbstractMavenArchiverConfigurator.lambda$3(AbstractMavenArchiverConfigurator.java:398)
	at org.eclipse.m2e.core.internal.embedder.MavenExecutionContext.executeBare(MavenExecutionContext.java:394)
	at org.eclipse.m2e.core.internal.embedder.MavenExecutionContext.execute(MavenExecutionContext.java:275)
	at org.eclipse.m2e.core.internal.embedder.MavenExecutionContext.execute(MavenExecutionContext.java:214)
	at org.eclipse.m2e.mavenarchiver.internal.AbstractMavenArchiverConfigurator.generateManifest(AbstractMavenArchiverConfigurator.java:371)
	at org.eclipse.m2e.mavenarchiver.internal.AbstractMavenArchiverConfigurator.mavenProjectChanged(AbstractMavenArchiverConfigurator.java:228)
	at org.eclipse.m2e.mavenarchiver.internal.AbstractMavenArchiverConfigurator$1.build(AbstractMavenArchiverConfigurator.java:178)
	at org.eclipse.m2e.core.internal.builder.MavenBuilderImpl.lambda$2(MavenBuilderImpl.java:153)
	at java.base/java.util.LinkedHashMap.forEach(LinkedHashMap.java:986)
	at org.eclipse.m2e.core.internal.builder.MavenBuilderImpl.build(MavenBuilderImpl.java:133)
	at org.eclipse.m2e.core.internal.builder.MavenBuilder$1.method(MavenBuilder.java:164)
	at org.eclipse.m2e.core.internal.builder.MavenBuilder$1.method(MavenBuilder.java:1)
	at org.eclipse.m2e.core.internal.builder.MavenBuilder$BuildMethod.lambda$1(MavenBuilder.java:109)
	at org.eclipse.m2e.core.internal.embedder.MavenExecutionContext.executeBare(MavenExecutionContext.java:394)
	at org.eclipse.m2e.core.internal.embedder.MavenExecutionContext.execute(MavenExecutionContext.java:228)
	at org.eclipse.m2e.core.internal.builder.MavenBuilder$BuildMethod.lambda$0(MavenBuilder.java:100)
	at org.eclipse.m2e.core.internal.embedder.MavenExecutionContext.executeBare(MavenExecutionContext.java:394)
	at org.eclipse.m2e.core.internal.embedder.MavenExecutionContext.execute(MavenExecutionContext.java:275)
	at org.eclipse.m2e.core.internal.embedder.MavenExecutionContext.execute(MavenExecutionContext.java:214)
	at org.eclipse.m2e.core.internal.builder.MavenBuilder$BuildMethod.execute(MavenBuilder.java:83)
	at org.eclipse.m2e.core.internal.builder.MavenBuilder.build(MavenBuilder.java:192)
	at org.eclipse.core.internal.events.BuildManager$2.run(BuildManager.java:1079)
	at org.eclipse.core.runtime.SafeRunner.run(SafeRunner.java:45)
	at org.eclipse.core.internal.events.BuildManager.basicBuild(BuildManager.java:296)
	at org.eclipse.core.internal.events.BuildManager.basicBuild(BuildManager.java:352)
	at org.eclipse.core.internal.events.BuildManager$1.run(BuildManager.java:441)
	at org.eclipse.core.runtime.SafeRunner.run(SafeRunner.java:45)
	at org.eclipse.core.internal.events.BuildManager.basicBuild(BuildManager.java:444)
	at org.eclipse.core.internal.events.BuildManager.basicBuildLoop(BuildManager.java:555)
	at org.eclipse.core.internal.events.BuildManager.basicBuildLoop(BuildManager.java:503)
	at org.eclipse.core.internal.events.BuildManager.build(BuildManager.java:585)
	at org.eclipse.core.internal.events.AutoBuildJob.doBuild(AutoBuildJob.java:207)
	at org.eclipse.core.internal.events.AutoBuildJob.run(AutoBuildJob.java:300)
	at org.eclipse.core.internal.jobs.Worker.run(Worker.java:63)
Caused by: java.lang.ExceptionInInitializerError: Cannot access defaults field of Properties
	at com.thoughtworks.xstream.converters.collections.PropertiesConverter.<clinit>(PropertiesConverter.java:46)
	at com.thoughtworks.xstream.XStream.setupConverters(XStream.java:647)
	at com.thoughtworks.xstream.XStream.<init>(XStream.java:445)
	at com.thoughtworks.xstream.XStream.<init>(XStream.java:385)
	at com.thoughtworks.xstream.XStream.<init>(XStream.java:342)
	at org.apache.maven.plugin.war.util.WebappStructureSerializer.<clinit>(WebappStructureSerializer.java:47)
	at org.apache.maven.plugin.war.AbstractWarMojo.<init>(AbstractWarMojo.java:316)
	at org.apache.maven.plugin.war.WarMojo.<init>(WarMojo.java:49)
	at org.apache.maven.plugin.war.WarMojo$$FastClassByGuice$$309898256.GUICE$TRAMPOLINE(<generated>)
	at org.apache.maven.plugin.war.WarMojo$$FastClassByGuice$$309898256.apply(<generated>)
	at com.google.inject.internal.DefaultConstructionProxyFactory$FastClassProxy.newInstance(DefaultConstructionProxyFactory.java:82)
	at com.google.inject.internal.ConstructorInjector.provision(ConstructorInjector.java:114)
	at com.google.inject.internal.ConstructorInjector.access$000(ConstructorInjector.java:33)
	at com.google.inject.internal.ConstructorInjector$1.call(ConstructorInjector.java:98)
	at com.google.inject.internal.ProvisionListenerStackCallback$Provision.provision(ProvisionListenerStackCallback.java:109)
	at com.google.inject.internal.ProvisionListenerStackCallback$Provision.provision(ProvisionListenerStackCallback.java:124)
	at com.google.inject.internal.ProvisionListenerStackCallback.provision(ProvisionListenerStackCallback.java:66)
	at com.google.inject.internal.ConstructorInjector.construct(ConstructorInjector.java:93)
	at com.google.inject.internal.ConstructorBindingImpl$Factory.get(ConstructorBindingImpl.java:300)
	at com.google.inject.internal.InjectorImpl$1.get(InjectorImpl.java:1101)
	... 53 common frames omitted
2023-10-31 23:11:03,197 [Worker-0: Loading available Gradle versions] INFO  o.e.b.c.i.u.g.PublishedGradleVersions - Gradle version information cache is up-to-date. Trying to read.
2023-11-04 18:12:47,187 [Worker-1: Loading available Gradle versions] INFO  o.e.b.c.i.u.g.PublishedGradleVersions - Gradle version information cache is up-to-date. Trying to read.
2024-02-06 14:50:06,727 [Worker-10: Loading available Gradle versions] INFO  o.e.b.c.i.u.g.PublishedGradleVersions - Gradle version information cache is up-to-date. Trying to read.
2024-02-26 18:35:34,554 [Worker-2: Loading available Gradle versions] INFO  o.e.b.c.i.u.g.PublishedGradleVersions - Gradle version information cache is out-of-date. Trying to update.
2024-02-26 19:59:30,158 [Worker-9: Build] WARN  o.a.m.s.f.DefaultMavenResourcesFiltering - Using platform encoding (UTF-8 actually) to copy filtered resources, i.e. build is platform dependent!
2024-02-26 19:59:30,168 [Worker-9: Build] INFO  o.a.m.s.f.DefaultMavenResourcesFiltering - Copying 0 resource from src\main\resources to target\classes
2024-02-26 19:59:30,176 [Worker-9: Build] WARN  o.a.m.s.f.DefaultMavenResourcesFiltering - Using platform encoding (UTF-8 actually) to copy filtered resources, i.e. build is platform dependent!
2024-02-26 19:59:30,177 [Worker-9: Build] INFO  o.a.m.s.f.DefaultMavenResourcesFiltering - skip non existing resourceDirectory C:\Users\Neral\eclipse-workspace2\eclipse-workspace1\JspDemo\src\test\resources
2024-02-26 19:59:32,718 [Worker-9: Build] INFO  o.e.a.i.i.DefaultArtifactResolver - Artifact gov.noaa.pmel:sgt:pom:3.0 is present in the local repository, but cached from a remote repository ID that is unavailable in current build context, verifying that is downloadable from [central (https://repo.maven.apache.org/maven2, default, releases), lib (file://${project.basedir}/lib, default, releases), releases (https://oss.sonatype.org/content/repositories/releases, default, releases+snapshots), sonatype-nexus-snapshots (https://oss.sonatype.org/content/repositories/snapshots, default, snapshots)]
2024-02-26 19:59:32,777 [Worker-9: Build] INFO  o.e.a.i.i.DefaultArtifactResolver - Artifact gov.noaa.pmel:sgt:pom:3.0 is present in the local repository, but cached from a remote repository ID that is unavailable in current build context, verifying that is downloadable from [central (https://repo.maven.apache.org/maven2, default, releases), lib (file://${project.basedir}/lib, default, releases), releases (https://oss.sonatype.org/content/repositories/releases, default, releases+snapshots), sonatype-nexus-snapshots (https://oss.sonatype.org/content/repositories/snapshots, default, snapshots)]
2024-02-26 19:59:33,112 [Worker-9: Build] INFO  o.e.m.c.i.e.AbstractTransferListenerAdapter - Downloaded https://repo.maven.apache.org/maven2/gov/noaa/pmel/sgt/3.0/sgt-3.0.pom
2024-02-26 19:59:33,138 [Worker-9: Build] INFO  o.e.m.c.i.e.AbstractTransferListenerAdapter - Downloaded file://${project.basedir}/lib/gov/noaa/pmel/sgt/3.0/sgt-3.0.pom
2024-02-26 19:59:33,807 [Worker-9: Build] INFO  o.e.m.c.i.e.AbstractTransferListenerAdapter - Downloaded https://oss.sonatype.org/content/repositories/releases/gov/noaa/pmel/sgt/3.0/sgt-3.0.pom
2024-02-26 19:59:33,809 [Worker-9: Build] WARN  o.e.m.c.i.embedder.EclipseLogger - The POM for gov.noaa.pmel:sgt:jar:3.0 is missing, no dependency information available
2024-02-26 19:59:33,819 [Worker-9: Build] INFO  o.e.a.i.i.DefaultArtifactResolver - Artifact org.monte:monte:pom:0.7.3 is present in the local repository, but cached from a remote repository ID that is unavailable in current build context, verifying that is downloadable from [central (https://repo.maven.apache.org/maven2, default, releases), lib (file://${project.basedir}/lib, default, releases), releases (https://oss.sonatype.org/content/repositories/releases, default, releases+snapshots), sonatype-nexus-snapshots (https://oss.sonatype.org/content/repositories/snapshots, default, snapshots)]
2024-02-26 19:59:33,827 [Worker-9: Build] INFO  o.e.a.i.i.DefaultArtifactResolver - Artifact org.monte:monte:pom:0.7.3 is present in the local repository, but cached from a remote repository ID that is unavailable in current build context, verifying that is downloadable from [central (https://repo.maven.apache.org/maven2, default, releases), lib (file://${project.basedir}/lib, default, releases), releases (https://oss.sonatype.org/content/repositories/releases, default, releases+snapshots), sonatype-nexus-snapshots (https://oss.sonatype.org/content/repositories/snapshots, default, snapshots)]
2024-02-26 19:59:33,949 [Worker-9: Build] INFO  o.e.m.c.i.e.AbstractTransferListenerAdapter - Downloaded https://repo.maven.apache.org/maven2/org/monte/monte/0.7.3/monte-0.7.3.pom
2024-02-26 19:59:33,960 [Worker-9: Build] INFO  o.e.m.c.i.e.AbstractTransferListenerAdapter - Downloaded file://${project.basedir}/lib/org/monte/monte/0.7.3/monte-0.7.3.pom
2024-02-26 19:59:34,124 [Worker-9: Build] INFO  o.e.m.c.i.e.AbstractTransferListenerAdapter - Downloaded https://oss.sonatype.org/content/repositories/releases/org/monte/monte/0.7.3/monte-0.7.3.pom
2024-02-26 19:59:34,126 [Worker-9: Build] WARN  o.e.m.c.i.embedder.EclipseLogger - The POM for org.monte:monte:jar:0.7.3 is missing, no dependency information available
2024-02-26 19:59:34,536 [Worker-9: Build] WARN  o.e.m.c.i.embedder.EclipseLogger - The POM for json:json-taglib:jar:0.4.1 is invalid, transitive dependencies (if any) will not be available, enable debug logging for more details
2024-02-26 19:59:34,604 [Worker-9: Build] INFO  o.e.a.i.i.DefaultArtifactResolver - Artifact gov.noaa.pmel:sgt:jar:3.0 is present in the local repository, but cached from a remote repository ID that is unavailable in current build context, verifying that is downloadable from [central (https://repo.maven.apache.org/maven2, default, releases), lib (file://${project.basedir}/lib, default, releases), releases (https://oss.sonatype.org/content/repositories/releases, default, releases+snapshots), sonatype-nexus-snapshots (https://oss.sonatype.org/content/repositories/snapshots, default, snapshots)]
2024-02-26 19:59:34,610 [Worker-9: Build] INFO  o.e.a.i.i.DefaultArtifactResolver - Artifact org.monte:monte:jar:0.7.3 is present in the local repository, but cached from a remote repository ID that is unavailable in current build context, verifying that is downloadable from [central (https://repo.maven.apache.org/maven2, default, releases), lib (file://${project.basedir}/lib, default, releases), releases (https://oss.sonatype.org/content/repositories/releases, default, releases+snapshots), sonatype-nexus-snapshots (https://oss.sonatype.org/content/repositories/snapshots, default, snapshots)]
2024-02-26 19:59:34,702 [Worker-9: Build] INFO  o.e.a.i.i.DefaultArtifactResolver - Artifact gov.noaa.pmel:sgt:jar:3.0 is present in the local repository, but cached from a remote repository ID that is unavailable in current build context, verifying that is downloadable from [central (https://repo.maven.apache.org/maven2, default, releases), lib (file://${project.basedir}/lib, default, releases), releases (https://oss.sonatype.org/content/repositories/releases, default, releases+snapshots), sonatype-nexus-snapshots (https://oss.sonatype.org/content/repositories/snapshots, default, snapshots)]
2024-02-26 19:59:34,707 [Worker-9: Build] INFO  o.e.a.i.i.DefaultArtifactResolver - Artifact org.monte:monte:jar:0.7.3 is present in the local repository, but cached from a remote repository ID that is unavailable in current build context, verifying that is downloadable from [central (https://repo.maven.apache.org/maven2, default, releases), lib (file://${project.basedir}/lib, default, releases), releases (https://oss.sonatype.org/content/repositories/releases, default, releases+snapshots), sonatype-nexus-snapshots (https://oss.sonatype.org/content/repositories/snapshots, default, snapshots)]
2024-02-26 19:59:34,877 [AetherRepositoryConnector-repo.maven.apache.org-0-1] INFO  o.e.m.c.i.e.AbstractTransferListenerAdapter - Downloaded https://repo.maven.apache.org/maven2/org/monte/monte/0.7.3/monte-0.7.3.jar
2024-02-26 19:59:34,916 [AetherRepositoryConnector-repo.maven.apache.org-0-0] INFO  o.e.m.c.i.e.AbstractTransferListenerAdapter - Downloaded https://repo.maven.apache.org/maven2/gov/noaa/pmel/sgt/3.0/sgt-3.0.jar
2024-02-26 19:59:34,935 [Worker-9: Build] INFO  o.e.m.c.i.e.AbstractTransferListenerAdapter - Downloaded file://${project.basedir}/lib/gov/noaa/pmel/sgt/3.0/sgt-3.0.jar
2024-02-26 19:59:34,938 [BasicRepositoryConnector-${project.basedir}-1-0] INFO  o.e.m.c.i.e.AbstractTransferListenerAdapter - Downloaded file://${project.basedir}/lib/org/monte/monte/0.7.3/monte-0.7.3.jar
2024-02-26 19:59:35,178 [AetherRepositoryConnector-oss.sonatype.org-2-0] INFO  o.e.m.c.i.e.AbstractTransferListenerAdapter - Downloaded https://oss.sonatype.org/content/repositories/releases/gov/noaa/pmel/sgt/3.0/sgt-3.0.jar
2024-02-26 19:59:35,193 [AetherRepositoryConnector-oss.sonatype.org-2-1] INFO  o.e.m.c.i.e.AbstractTransferListenerAdapter - Downloaded https://oss.sonatype.org/content/repositories/releases/org/monte/monte/0.7.3/monte-0.7.3.jar
2024-02-26 19:59:35,710 [Worker-9: Build] WARN  Sisu - Error injecting: org.apache.maven.plugin.war.WarMojo
com.google.inject.ProvisionException: Unable to provision, see the following errors:

1) [Guice/ErrorInjectingConstructor]: ExceptionInInitializerError: Cannot access defaults field of Properties
  at WarMojo.<init>(WarMojo.java:49)
  while locating WarMojo

Learn more:
  https://github.com/google/guice/wiki/ERROR_INJECTING_CONSTRUCTOR

1 error

======================
Full classname legend:
======================
WarMojo:                     "org.apache.maven.plugin.war.WarMojo"
========================
End of classname legend:
========================

	at com.google.inject.internal.InternalProvisionException.toProvisionException(InternalProvisionException.java:251)
	at com.google.inject.internal.InjectorImpl$1.get(InjectorImpl.java:1104)
	at com.google.inject.internal.InjectorImpl.getInstance(InjectorImpl.java:1139)
	at org.eclipse.sisu.space.AbstractDeferredClass.get(AbstractDeferredClass.java:48)
	at com.google.inject.internal.ProviderInternalFactory.provision(ProviderInternalFactory.java:86)
	at com.google.inject.internal.InternalFactoryToInitializableAdapter.provision(InternalFactoryToInitializableAdapter.java:57)
	at com.google.inject.internal.ProviderInternalFactory$1.call(ProviderInternalFactory.java:67)
	at com.google.inject.internal.ProvisionListenerStackCallback$Provision.provision(ProvisionListenerStackCallback.java:109)
	at com.google.inject.internal.ProvisionListenerStackCallback$Provision.provision(ProvisionListenerStackCallback.java:124)
	at com.google.inject.internal.ProvisionListenerStackCallback.provision(ProvisionListenerStackCallback.java:66)
	at com.google.inject.internal.ProviderInternalFactory.circularGet(ProviderInternalFactory.java:62)
	at com.google.inject.internal.InternalFactoryToInitializableAdapter.get(InternalFactoryToInitializableAdapter.java:47)
	at com.google.inject.internal.InjectorImpl$1.get(InjectorImpl.java:1101)
	at org.eclipse.sisu.inject.Guice4$1.get(Guice4.java:162)
	at org.eclipse.sisu.inject.LazyBeanEntry.getValue(LazyBeanEntry.java:81)
	at org.eclipse.sisu.plexus.LazyPlexusBean.getValue(LazyPlexusBean.java:51)
	at org.codehaus.plexus.DefaultPlexusContainer.lookup(DefaultPlexusContainer.java:263)
	at org.codehaus.plexus.DefaultPlexusContainer.lookup(DefaultPlexusContainer.java:255)
	at org.apache.maven.plugin.internal.DefaultMavenPluginManager.getConfiguredMojo(DefaultMavenPluginManager.java:491)
	at org.eclipse.m2e.core.internal.embedder.MavenImpl.getConfiguredMojo(MavenImpl.java:210)
	at org.eclipse.m2e.mavenarchiver.internal.AbstractMavenArchiverConfigurator.reflectManifestGeneration(AbstractMavenArchiverConfigurator.java:439)
	at org.eclipse.m2e.mavenarchiver.internal.AbstractMavenArchiverConfigurator.lambda$3(AbstractMavenArchiverConfigurator.java:398)
	at org.eclipse.m2e.core.internal.embedder.MavenExecutionContext.executeBare(MavenExecutionContext.java:394)
	at org.eclipse.m2e.core.internal.embedder.MavenExecutionContext.execute(MavenExecutionContext.java:275)
	at org.eclipse.m2e.core.internal.embedder.MavenExecutionContext.execute(MavenExecutionContext.java:214)
	at org.eclipse.m2e.mavenarchiver.internal.AbstractMavenArchiverConfigurator.generateManifest(AbstractMavenArchiverConfigurator.java:371)
	at org.eclipse.m2e.mavenarchiver.internal.AbstractMavenArchiverConfigurator.mavenProjectChanged(AbstractMavenArchiverConfigurator.java:228)
	at org.eclipse.m2e.mavenarchiver.internal.AbstractMavenArchiverConfigurator$1.build(AbstractMavenArchiverConfigurator.java:178)
	at org.eclipse.m2e.core.internal.builder.MavenBuilderImpl.lambda$2(MavenBuilderImpl.java:153)
	at java.base/java.util.LinkedHashMap.forEach(LinkedHashMap.java:986)
	at org.eclipse.m2e.core.internal.builder.MavenBuilderImpl.build(MavenBuilderImpl.java:133)
	at org.eclipse.m2e.core.internal.builder.MavenBuilder$1.method(MavenBuilder.java:164)
	at org.eclipse.m2e.core.internal.builder.MavenBuilder$1.method(MavenBuilder.java:1)
	at org.eclipse.m2e.core.internal.builder.MavenBuilder$BuildMethod.lambda$1(MavenBuilder.java:109)
	at org.eclipse.m2e.core.internal.embedder.MavenExecutionContext.executeBare(MavenExecutionContext.java:394)
	at org.eclipse.m2e.core.internal.embedder.MavenExecutionContext.execute(MavenExecutionContext.java:228)
	at org.eclipse.m2e.core.internal.builder.MavenBuilder$BuildMethod.lambda$0(MavenBuilder.java:100)
	at org.eclipse.m2e.core.internal.embedder.MavenExecutionContext.executeBare(MavenExecutionContext.java:394)
	at org.eclipse.m2e.core.internal.embedder.MavenExecutionContext.execute(MavenExecutionContext.java:275)
	at org.eclipse.m2e.core.internal.embedder.MavenExecutionContext.execute(MavenExecutionContext.java:214)
	at org.eclipse.m2e.core.internal.builder.MavenBuilder$BuildMethod.execute(MavenBuilder.java:83)
	at org.eclipse.m2e.core.internal.builder.MavenBuilder.build(MavenBuilder.java:192)
	at org.eclipse.core.internal.events.BuildManager$2.run(BuildManager.java:1079)
	at org.eclipse.core.runtime.SafeRunner.run(SafeRunner.java:45)
	at org.eclipse.core.internal.events.BuildManager.basicBuild(BuildManager.java:296)
	at org.eclipse.core.internal.events.BuildManager.basicBuild(BuildManager.java:352)
	at org.eclipse.core.internal.events.BuildManager$1.run(BuildManager.java:441)
	at org.eclipse.core.runtime.SafeRunner.run(SafeRunner.java:45)
	at org.eclipse.core.internal.events.BuildManager.basicBuild(BuildManager.java:444)
	at org.eclipse.core.internal.events.BuildManager.basicBuildLoop(BuildManager.java:555)
	at org.eclipse.core.internal.events.BuildManager.basicBuildLoop(BuildManager.java:503)
	at org.eclipse.core.internal.events.BuildManager.build(BuildManager.java:585)
	at org.eclipse.core.internal.resources.Workspace.buildInternal(Workspace.java:594)
	at org.eclipse.core.internal.resources.Workspace.build(Workspace.java:483)
	at org.eclipse.oomph.setup.internal.core.SetupTaskPerformer$6.run(SetupTaskPerformer.java:3909)
	at org.eclipse.core.internal.jobs.Worker.run(Worker.java:63)
Caused by: java.lang.ExceptionInInitializerError: Cannot access defaults field of Properties
	at com.thoughtworks.xstream.converters.collections.PropertiesConverter.<clinit>(PropertiesConverter.java:46)
	at com.thoughtworks.xstream.XStream.setupConverters(XStream.java:647)
	at com.thoughtworks.xstream.XStream.<init>(XStream.java:445)
	at com.thoughtworks.xstream.XStream.<init>(XStream.java:385)
	at com.thoughtworks.xstream.XStream.<init>(XStream.java:342)
	at org.apache.maven.plugin.war.util.WebappStructureSerializer.<clinit>(WebappStructureSerializer.java:47)
	at org.apache.maven.plugin.war.AbstractWarMojo.<init>(AbstractWarMojo.java:316)
	at org.apache.maven.plugin.war.WarMojo.<init>(WarMojo.java:49)
	at org.apache.maven.plugin.war.WarMojo$$FastClassByGuice$$309882181.GUICE$TRAMPOLINE(<generated>)
	at org.apache.maven.plugin.war.WarMojo$$FastClassByGuice$$309882181.apply(<generated>)
	at com.google.inject.internal.DefaultConstructionProxyFactory$FastClassProxy.newInstance(DefaultConstructionProxyFactory.java:82)
	at com.google.inject.internal.ConstructorInjector.provision(ConstructorInjector.java:114)
	at com.google.inject.internal.ConstructorInjector.access$000(ConstructorInjector.java:33)
	at com.google.inject.internal.ConstructorInjector$1.call(ConstructorInjector.java:98)
	at com.google.inject.internal.ProvisionListenerStackCallback$Provision.provision(ProvisionListenerStackCallback.java:109)
	at com.google.inject.internal.ProvisionListenerStackCallback$Provision.provision(ProvisionListenerStackCallback.java:124)
	at com.google.inject.internal.ProvisionListenerStackCallback.provision(ProvisionListenerStackCallback.java:66)
	at com.google.inject.internal.ConstructorInjector.construct(ConstructorInjector.java:93)
	at com.google.inject.internal.ConstructorBindingImpl$Factory.get(ConstructorBindingImpl.java:300)
	at com.google.inject.internal.InjectorImpl$1.get(InjectorImpl.java:1101)
	... 54 common frames omitted
